<?xml version="1.0" encoding="UTF-8"?>
<!-- Generated by org.testng.reporters.JUnitReportReporter -->
<testsuite hostname="VishnuPalani" failures="0" tests="1" name="Asserts.Classequals" time="7.184" errors="0" timestamp="2023-11-21T12:41:47 IST" skipped="0">
  <testcase classname="Asserts.Classequals" name="script" time="7.184"/>
</testsuite> <!-- Asserts.Classequals -->
