<?xml version="1.0" encoding="UTF-8"?>
<!-- Generated by org.testng.reporters.JUnitReportReporter -->
<testsuite hostname="VishnuPalani" failures="0" tests="11" name="testng_scripts.EcomDomain1" time="0.022" errors="0" timestamp="2023-11-16T15:15:08 IST" skipped="0">
  <testcase classname="testng_scripts.EcomDomain1" name="signup" time="0.006"/>
  <testcase classname="testng_scripts.EcomDomain1" name="login" time="0.003"/>
  <testcase classname="testng_scripts.EcomDomain1" name="login" time="0.001"/>
  <testcase classname="testng_scripts.EcomDomain1" name="login" time="0.002"/>
  <testcase classname="testng_scripts.EcomDomain1" name="login" time="0.002"/>
  <testcase classname="testng_scripts.EcomDomain1" name="login" time="0.001"/>
  <testcase classname="testng_scripts.EcomDomain1" name="Categoryandproducts" time="0.001"/>
  <testcase classname="testng_scripts.EcomDomain1" name="Cart" time="0.001"/>
  <testcase classname="testng_scripts.EcomDomain1" name="Payment" time="0.001"/>
  <testcase classname="testng_scripts.EcomDomain1" name="orders" time="0.002"/>
  <testcase classname="testng_scripts.EcomDomain1" name="logout" time="0.002"/>
</testsuite> <!-- testng_scripts.EcomDomain1 -->
