<?xml version="1.0" encoding="UTF-8"?>
<!-- Generated by org.testng.reporters.JUnitReportReporter -->
<testsuite hostname="VishnuPalani" failures="0" tests="1" name="Asserts.VerifyLoginPage" time="6.141" errors="0" timestamp="2023-11-21T12:36:02 IST" skipped="0">
  <testcase classname="Asserts.VerifyLoginPage" name="script" time="6.141"/>
</testsuite> <!-- Asserts.VerifyLoginPage -->
