<?xml version="1.0" encoding="UTF-8"?>
<!-- Generated by org.testng.reporters.JUnitReportReporter -->
<testsuite hostname="VishnuPalani" failures="0" tests="1" name="testng_scripts.BikeLoan" time="0.005" errors="0" timestamp="2023-11-17T15:04:42 IST" skipped="0">
  <testcase classname="testng_scripts.BikeLoan" name="newBikeLoan" time="0.005"/>
</testsuite> <!-- testng_scripts.BikeLoan -->
