<?xml version="1.0" encoding="UTF-8"?>
<!-- Generated by org.testng.reporters.JUnitReportReporter -->
<testsuite hostname="VishnuPalani" failures="0" tests="1" name="testng_scripts.CarLoan" time="0.001" errors="0" timestamp="2023-11-17T15:04:42 IST" skipped="0">
  <testcase classname="testng_scripts.CarLoan" name="newCarLoan" time="0.001"/>
</testsuite> <!-- testng_scripts.CarLoan -->
