<?xml version="1.0" encoding="UTF-8"?>
<!-- Generated by org.testng.reporters.JUnitReportReporter -->
<testsuite hostname="VishnuPalani" failures="0" tests="7" name="testng_scripts.EcomDomain" time="0.019" errors="0" timestamp="2023-11-16T15:12:13 IST" skipped="0">
  <testcase classname="testng_scripts.EcomDomain" name="signup" time="0.008"/>
  <testcase classname="testng_scripts.EcomDomain" name="login" time="0.002"/>
  <testcase classname="testng_scripts.EcomDomain" name="Categoryandproducts" time="0.002"/>
  <testcase classname="testng_scripts.EcomDomain" name="Cart" time="0.002"/>
  <testcase classname="testng_scripts.EcomDomain" name="Payment" time="0.001"/>
  <testcase classname="testng_scripts.EcomDomain" name="orders" time="0.003"/>
  <testcase classname="testng_scripts.EcomDomain" name="logout" time="0.001"/>
</testsuite> <!-- testng_scripts.EcomDomain -->
